1678155201289:ls
1678155204472:pwd
1678155208295:exit
1678155969835:ls
1678155982092:pwd
1678156051234:help
1678156200389:ls
1678156203923:mkdir 123
1678156205286:ls
1678180043712:pwd
1678180061319:mkdir xyl
1678180062301:ls
1678180350927:pwd
1678180354436:mkdir test
1678180355919:ls
1678180622997:mkdir test
1678180624099:ls
1678180627059:touch 123
1678180632415:ls
1678180681196:touch 123
1678180741575:help
1678180748959:ls
1678180759810:touch 123
1678180828267:touch 1
1678181004426:tocuh 1
1678181008022:touch 1
1678181009414:ls
1678181246441:touch 1
1678181247509:ls
1678181254291:mkdir 123
1678181255446:ls
1678181290805:cat 1
1678181957988:ls
1678181966654:mkdir test
1678181967730:ls
1678181976167:touch 123
1678181977315:ls
1678181978890:cat 123
1678182002700:echo "\n" >
1678182021975:touch 123
1678182064269:echo 123 >> 111
1678182072422:ls
1678182091729:touch 123
1678182092403:ls
1678182103366:echo 123 >> 222
1678182160868:echo "1234" >> 111
1678182166805:ls
1678182170582:cat 111
1678182442396:echo '123' >> 666
1678182448469:ls
1678182450766:cat 666
1678182922081:ls
1678182926775:mkdir test
1678182927642:ls
1678182943319:pwd
1678182968293:d
1678182971300:cd
1678182977107:cd 666
1678184370119:ls
1678184371598:pwd
1678184373842:cd /
1678184375074:ls
1678184402257:ls stacktrace
1678184421793:ls -stacktrace
1678184424287:stacktrace
1678184442517:ls
1678184457513:cd /
1678184535838:ls
1678184540036:cd /
1678184813283:ls
1678184819430:cd /
1678184824470:s
1678184826540:ls
1678184832550:cd data
1678184833875:ls
1678184839045:mkdir test
1678184840248:ls
1678184843895:cd test
1678184845410:ls
1678184851390:cd /test
1678184853408:ls
1678184859277:stacktrace
1678185284846:ls
1678185286313:cd /
1678185287354:ls
1678185290580:pwd
1678185293158:cd /data
1678185294540:ls
1678185296828:mkdir data
1678185297620:ls
1678185300441:cd /data
1678185302855:ls
1678185304493:cd data
1678185305828:ls
1678185315869:cd /data
1678185374250:mkdir data
1678185375525:ls
1678185377476:cd data
1678185382612:pwd
1678185383926:ls
1678185391591:stacktrace
1678185443867:ls
1678185564298:cd /
1678185565425:ls
1678185567441:mkdir data
1678185568103:ls
1678185570068:cd data
1678185576028:pwd
1678185577769:ls
1678185582484:mkdir data
1678185583593:ls
1678185584967:pwd
1678185593215:ls
1678185596188:cd data
1678185597371:ls
1678185599045:pwd
1678185603372:ls
1678185733284:cd /da
1678185737869:mkdir data
1678185738970:ls
1678185740821:cd data
1678185741562:ls
1678185743128:pwd
1678185746505:mkdir 111
1678185747296:ls
1678185748651:pwd
1678185750987:cd  111
1678185751825:ls
1678185755376:exit
1678185780630:ls
1678185784069:touch 123
1678185785474:cat 123
1678185791387:ls
1678185801602:echo "123" >> 123
1678185807025:ls
1678185808305:cat 123
1678185810447:ls
1678185817209:echo ""23 >> 123
1678185818503:ls
1678185819820:cat 123
1678185826852:ls
1678185830529:mkdir data
1678185831175:ls
1678185832267:cd data
1678185833141:ls
1678185844749:echo "666" >> 111
1678185851728:stacktrace
1678185866619:pwd
1678185867748:echo "666" >> 111
1678186291724:ls
1678186294331:cd /datra
1678186296486:mkdir data
1678186297570:ls
1678186303288:touch 123
1678186304411:ls
1678186312479:echo "123" >> 123
1678186313561:ls
1678186315020:cat 123
1678186315934:ls
1678186317335:cd data
1678186318234:ls
1678186319578:pwd
1678186324078:mkdir 666
1678186324838:ls
1678186326232:pwd
1678186329776:cd 666
1678186330597:ls
1678186338717:echo ""23asd >> aaa
1678186339796:ls
1678186343014:pwd
1678186345140:cat aaa
1678186347220:ls
1678186357796:echo "12312312" >> bbb
1678186359198:ls
1678186365664:pwd
1678186371015:mkdir 111
1678186372131:ls
1678186373988:pwd
1678186375484:cd 111
1678186376330:ls
1678186377557:pwd
1678186378948:cd ..
1678186379661:ls
1678186380979:cd ..
1678186381841:ls
1678186389320:cd ..
1678186413549:ls
1678186415848:pwd
1678186416669:ls
1678186420025:mkdir 1
1678186420557:ls
1678186422411:mkdir 2
1678186423436:ls
1678186425264:cd 1
1678186425836:ls
1678186428945:touch 123
1678186460499:s
1678186462501:ls
1678186466894:cd ..
1678186467838:ls
1678186469689:cd 2
1678186470495:ls
1678186474607:touch 1234
1678190028993:ls
1678190038888:touch 1111
1678190061270:s
1678190063338:ls
1678190065425:cd ..
1678190065932:ls
1678190069136:mkdir 3
1678190070297:cd 3
1678190071143:ls
1678190075081:touch 1234
1678190182198:ls
1678190183475:cd ..
1678190184016:ls
1678190186779:mkdir 4
1678190189062:touch 111
1678190191541:s
1678190193159:ls
1678190197354:cd 4
1678190198163:ls
1678190200430:touch 123
1678190271621:ls
1678190274898:mkdir 123
1678190276480:cd 123
1678190277331:ls
1678190279738:touch 1234
1678190287689:ls
1678190296591:touch 111
1678190303711:ls
1678190311225:mkdir 1111
1678190313076:ls
1678190315051:cd 1111
1678190315631:ls
1678190320249:touch 1234
1678190321441:ls
1678190336994:mkdir 1
1678190338058:cd 1
1678190340945:touch 123
1678190342023:ls
1678190356327:mkdir 1
1678190357185:cd 1
1678190359333:touch 1234
1678190548528:mkdir 1
1678190549609:ls
1678190551168:cd 1
1678190551805:ls
1678190554734:touch 1234
1678190560238:ls
1678190723752:mkdir 1
1678190725209:ls
1678190725968:cd 1
1678190726480:ls
1678190729454:touch 1234
1678190777039:ls
1678190878878:mkdir 1
1678190879758:cd 1
1678190882035:touch 123
1678191036567:ls
1678191038771:mkdir 1
1678191039546:cd 1
1678191042109:touch 123
1678191047417:ls
1678191049442:cat 123
1678191277287:ls
1678191280749:mkdir 1
1678191281824:ls
1678191283127:cd 1
1678191283750:ls
1678191287431:touch 123
1678191288242:ls
1678191290015:cat 123
1678191430167:ls
1678191432198:mkdir 1
1678191433080:ls
1678191433834:cd 1
1678191434365:ls
1678191437303:touch 123
1678191437906:ls
1678191439060:cat 123
1678191444331:ls
1678191452857:echo "12312312312" >> 123
1678191453948:ls
1678191455269:cat 123
1678191461468:ls
1678191462951:pwd
1678191466037:mkdir 1
1678191466671:ls
1678191467704:pwd
1678191468931:cd 1
1678191469398:ls
1678191470269:pwd
1678191473565:touch 1234
1678191476267:cat 1234
1678191484111:stacktrace
1678191507165:mkdir 1
1678191508395:cd 1
1678191510183:mkdir 1
1678191511115:cd 1
1678191512303:pwd
1678191514505:touch 123
1678191515134:ls
1678191516230:cat 123
1678191517107:ls
1678191524796:echo '123123' >> 123
1678191525646:ls
1678191527383:cat 123
